2026-03-29 15:14:54,026 | INFO | Run ID: 20260329T071454Z
2026-03-29 15:14:54,026 | INFO | Input dir: /Users/user/毕设/rag-project/data/system_docs
2026-03-29 15:14:54,027 | INFO | Output dir: /Users/user/毕设/rag-project/experiments/embedding_experiment/parsing/outputs
2026-03-29 15:14:54,027 | INFO | Manifest CSV: /Users/user/毕设/rag-project/experiments/embedding_experiment/parsing/manifest.csv
2026-03-29 15:14:54,027 | INFO | Manifest JSON: /Users/user/毕设/rag-project/experiments/embedding_experiment/parsing/manifest.json
2026-03-29 15:14:54,027 | INFO | Log file: /Users/user/毕设/rag-project/experiments/embedding_experiment/parsing/logs/run_20260329T071454Z.log
2026-03-29 15:14:54,027 | INFO | Using local HF cache: /Users/user/毕设/rag-project/models/hf_cache/hub
2026-03-29 15:14:54,028 | INFO | Discovered 16 files to consider.
2026-03-29 15:14:54,029 | INFO | [1/16] 大数据-2025级本科生培养方案-v13-724.pdf -> /Users/user/毕设/rag-project/experiments/embedding_experiment/parsing/outputs/大数据-2025级本科生培养方案-v13-724__0e3d9ebe07
2026-03-29 15:14:54,029 | INFO | Skipped: 大数据-2025级本科生培养方案-v13-724.pdf (dry-run)
2026-03-29 15:14:54,030 | INFO | [2/16] 附件1-1  上海海洋大学信息学院本科教学工作委员会工作职责.pdf -> /Users/user/毕设/rag-project/experiments/embedding_experiment/parsing/outputs/附件1-1_上海海洋大学信息学院本科教学工作委员会工作职责__bc375c34a6
2026-03-29 15:14:54,030 | INFO | Skipped: 附件1-1  上海海洋大学信息学院本科教学工作委员会工作职责.pdf (dry-run)
2026-03-29 15:14:54,030 | INFO | [3/16] 附件1-10 上海海洋大学信息学院课程质量评价办法.pdf -> /Users/user/毕设/rag-project/experiments/embedding_experiment/parsing/outputs/附件1-10_上海海洋大学信息学院课程质量评价办法__2f8b91b22d
2026-03-29 15:14:54,030 | INFO | Skipped: 附件1-10 上海海洋大学信息学院课程质量评价办法.pdf (dry-run)
2026-03-29 15:14:54,031 | INFO | [4/16] 附件1-11 上海海洋大学本科生学籍管理条例.pdf -> /Users/user/毕设/rag-project/experiments/embedding_experiment/parsing/outputs/附件1-11_上海海洋大学本科生学籍管理条例__a75d517857
2026-03-29 15:14:54,031 | INFO | Skipped: 附件1-11 上海海洋大学本科生学籍管理条例.pdf (dry-run)
2026-03-29 15:14:54,031 | INFO | [5/16] 附件1-12 上海海洋大学学士学位授予工作细则.pdf -> /Users/user/毕设/rag-project/experiments/embedding_experiment/parsing/outputs/附件1-12_上海海洋大学学士学位授予工作细则__f9b6f078ae
2026-03-29 15:14:54,032 | INFO | Skipped: 附件1-12 上海海洋大学学士学位授予工作细则.pdf (dry-run)
2026-03-29 15:14:54,032 | INFO | [6/16] 附件1-13 信息学院关于工程教育认证专业课程目标达成度与毕业要求达成度阈值的通知.pdf -> /Users/user/毕设/rag-project/experiments/embedding_experiment/parsing/outputs/附件1-13_信息学院关于工程教育认证专业课程目标达成度与毕业要求达成度阈值的通知__354b46dd6f
2026-03-29 15:14:54,032 | INFO | Skipped: 附件1-13 信息学院关于工程教育认证专业课程目标达成度与毕业要求达成度阈值的通知.pdf (dry-run)
2026-03-29 15:14:54,033 | INFO | [7/16] 附件1-14 上海海洋大学信息学院本科专业毕业要求达成情况评价办法.pdf -> /Users/user/毕设/rag-project/experiments/embedding_experiment/parsing/outputs/附件1-14_上海海洋大学信息学院本科专业毕业要求达成情况评价办法__ae3f277420
2026-03-29 15:14:54,033 | INFO | Skipped: 附件1-14 上海海洋大学信息学院本科专业毕业要求达成情况评价办法.pdf (dry-run)
2026-03-29 15:14:54,034 | INFO | [8/16] 附件1-15  上海海洋大学信息学院专业教学质量持续改进工作指导意见.pdf -> /Users/user/毕设/rag-project/experiments/embedding_experiment/parsing/outputs/附件1-15_上海海洋大学信息学院专业教学质量持续改进工作指导意见__f689f82823
2026-03-29 15:14:54,034 | INFO | Skipped: 附件1-15  上海海洋大学信息学院专业教学质量持续改进工作指导意见.pdf (dry-run)
2026-03-29 15:14:54,034 | INFO | [9/16] 附件1-2  上海海洋大学信息学院教学咨询委员会章程.pdf -> /Users/user/毕设/rag-project/experiments/embedding_experiment/parsing/outputs/附件1-2_上海海洋大学信息学院教学咨询委员会章程__8a9f215c66
2026-03-29 15:14:54,035 | INFO | Skipped: 附件1-2  上海海洋大学信息学院教学咨询委员会章程.pdf (dry-run)
2026-03-29 15:14:54,035 | INFO | [10/16] 附件1-3  上海海洋大学本科教学督导工作条例.pdf -> /Users/user/毕设/rag-project/experiments/embedding_experiment/parsing/outputs/附件1-3_上海海洋大学本科教学督导工作条例__168f14ecb7
2026-03-29 15:14:54,035 | INFO | Skipped: 附件1-3  上海海洋大学本科教学督导工作条例.pdf (dry-run)
2026-03-29 15:14:54,036 | INFO | [11/16] 附件1-4  上海海洋大学信息学院关于教学督导面向“以学生为中心”及促进教学工作持续改进的补充规定.pdf -> /Users/user/毕设/rag-project/experiments/embedding_experiment/parsing/outputs/附件1-4_上海海洋大学信息学院关于教学督导面向_以学生为中心_及促进教学工作持续改进的补充规定__c84afbc252
2026-03-29 15:14:54,036 | INFO | Skipped: 附件1-4  上海海洋大学信息学院关于教学督导面向“以学生为中心”及促进教学工作持续改进的补充规定.pdf (dry-run)
2026-03-29 15:14:54,037 | INFO | [12/16] 附件1-5  上海海洋大学信息学院课程体系合理性评价办法.pdf -> /Users/user/毕设/rag-project/experiments/embedding_experiment/parsing/outputs/附件1-5_上海海洋大学信息学院课程体系合理性评价办法__7f6f7b225a
2026-03-29 15:14:54,037 | INFO | Skipped: 附件1-5  上海海洋大学信息学院课程体系合理性评价办法.pdf (dry-run)
2026-03-29 15:14:54,038 | INFO | [13/16] 附件1-6 上海海洋大学信息学院教学大纲制定、修订及审查的规定.pdf -> /Users/user/毕设/rag-project/experiments/embedding_experiment/parsing/outputs/附件1-6_上海海洋大学信息学院教学大纲制定_修订及审查的规定__c04f388eca
2026-03-29 15:14:54,038 | INFO | Skipped: 附件1-6 上海海洋大学信息学院教学大纲制定、修订及审查的规定.pdf (dry-run)
2026-03-29 15:14:54,039 | INFO | [14/16] 附件1-7 上海海洋大学信息学院课程教学工作基本规范及考核计算办法.pdf -> /Users/user/毕设/rag-project/experiments/embedding_experiment/parsing/outputs/附件1-7_上海海洋大学信息学院课程教学工作基本规范及考核计算办法__f6f87ba14c
2026-03-29 15:14:54,039 | INFO | Skipped: 附件1-7 上海海洋大学信息学院课程教学工作基本规范及考核计算办法.pdf (dry-run)
2026-03-29 15:14:54,040 | INFO | [15/16] 附件1-8  上海海洋大学学生教学信息员制度实施办法.pdf -> /Users/user/毕设/rag-project/experiments/embedding_experiment/parsing/outputs/附件1-8_上海海洋大学学生教学信息员制度实施办法__e786f119e7
2026-03-29 15:14:54,041 | INFO | Skipped: 附件1-8  上海海洋大学学生教学信息员制度实施办法.pdf (dry-run)
2026-03-29 15:14:54,041 | INFO | [16/16] 附件1-9  信息学院试卷命题及课程目标达成度评价实施细则.pdf -> /Users/user/毕设/rag-project/experiments/embedding_experiment/parsing/outputs/附件1-9_信息学院试卷命题及课程目标达成度评价实施细则__b94577b9e2
2026-03-29 15:14:54,042 | INFO | Skipped: 附件1-9  信息学院试卷命题及课程目标达成度评价实施细则.pdf (dry-run)
2026-03-29 15:14:54,042 | INFO | Summary | total=16 success=0 failed=0 skipped=16
